2024-05-20 22:43:20,186 - tools.common_log - INFO - 开始处理视频：C:/Users/yangxinmin/Desktop/workspace/唱歌源视频/竖屏/aa.mp4
2024-05-20 22:54:17,841 - tools.common_log - INFO - 开始处理视频：C:/Users/yangxinmin/Desktop/workspace/唱歌源视频/竖屏/aa.mp4
2024-05-20 22:56:41,176 - tools.common_log - INFO - 开始处理视频：C:/Users/yangxinmin/Desktop/workspace/唱歌源视频/竖屏/aa.mp4
2024-05-20 22:56:45,654 - tools.common_log - INFO - 视频提交完成：C:/Users/yangxinmin/Desktop/workspace/唱歌源视频/竖屏/aa.mp4
2024-05-20 23:01:39,465 - tools.common_log - INFO - 开始处理视频：C:/Users/yangxinmin/Desktop/workspace/唱歌源视频/竖屏/aa.mp4
2024-05-20 23:01:44,361 - tools.common_log - INFO - 视频提交完成：C:/Users/yangxinmin/Desktop/workspace/唱歌源视频/竖屏/aa.mp4
2024-05-20 23:03:22,948 - tools.common_log - INFO - 开始处理视频：C:/Users/yangxinmin/Desktop/workspace/唱歌源视频/竖屏/aa.mp4
2024-05-20 23:05:12,396 - tools.common_log - INFO - 视频提交完成：C:/Users/yangxinmin/Desktop/workspace/唱歌源视频/竖屏/aa.mp4
2024-05-21 00:28:12,975 - tools.common_log - INFO - 开始处理视频：C:/Users/yangxinmin/Desktop/workspace/唱歌源视频/竖屏/aa.mp4
2024-05-21 00:28:15,383 - tools.common_log - INFO - 视频提交完成：C:/Users/yangxinmin/Desktop/workspace/唱歌源视频/竖屏/aa.mp4
2024-05-21 09:51:08,236 - tools.common_log - INFO - 开始处理视频：C:/Users/yangxinmin/Desktop/workspace/唱歌源视频/竖屏/aa.mp4
2024-05-21 09:51:08,236 - tools.common_log - INFO - 视频提交完成：C:/Users/yangxinmin/Desktop/workspace/唱歌源视频/竖屏/aa.mp4
2024-05-21 09:51:08,236 - tools.common_log - INFO - 开始合并视频：out.mp4
2024-05-21 09:51:09,845 - tools.common_log - INFO - 视频合并完成：out.mp4
2024-05-21 10:02:36,382 - tools.common_log - INFO - 开始处理视频：C:/Users/yangxinmin/Desktop/workspace/唱歌源视频/竖屏/aa.mp4
2024-05-21 10:02:38,162 - tools.common_log - INFO - 视频提交完成：C:/Users/yangxinmin/Desktop/workspace/唱歌源视频/竖屏/aa.mp4
2024-05-21 10:02:38,163 - tools.common_log - INFO - 开始合并视频：aa.mp4
2024-05-21 10:02:38,477 - tools.common_log - INFO - 视频合并完成：aa.mp4
2024-05-21 10:33:05,237 - tools.common_log - INFO - 开始处理视频：C:/Users/yangxinmin/Desktop/workspace/唱歌源视频/竖屏/aa.mp4
2024-05-21 10:33:06,678 - tools.common_log - INFO - 视频提交完成：C:/Users/yangxinmin/Desktop/workspace/唱歌源视频/竖屏/aa.mp4
2024-05-21 10:33:06,678 - tools.common_log - INFO - 开始合并视频：aa.mp4
2024-05-21 10:33:07,063 - tools.common_log - INFO - 视频合并完成：aa.mp4
2024-05-21 11:47:06,373 - tools.common_log - INFO - 开始处理视频：C:/Users/yangxinmin/Desktop/workspace/唱歌源视频/竖屏/aa.mp4
2024-05-21 11:47:06,374 - tools.common_log - INFO - 视频提交完成：C:/Users/yangxinmin/Desktop/workspace/唱歌源视频/竖屏/aa.mp4
2024-05-21 11:47:18,239 - tools.common_log - INFO - 开始合并视频：aa.mp4
2024-05-21 11:47:19,092 - tools.common_log - INFO - 视频合并完成：aa.mp4
2024-05-21 18:32:40,554 - tools.common_log - INFO - 开始处理视频：C:/Users/yangxinmin/Desktop/workspace/跳舞源视频/竖屏视频/d01.mp4
2024-05-21 18:32:44,152 - tools.common_log - INFO - 视频提交完成：C:/Users/yangxinmin/Desktop/workspace/跳舞源视频/竖屏视频/d01.mp4
2024-05-21 18:32:44,152 - tools.common_log - INFO - 开始处理视频：C:/Users/yangxinmin/Desktop/workspace/唱歌源视频/竖屏/01.mp4
2024-05-21 18:32:46,960 - tools.common_log - INFO - 视频提交完成：C:/Users/yangxinmin/Desktop/workspace/唱歌源视频/竖屏/01.mp4
2024-05-21 18:32:46,960 - tools.common_log - INFO - 开始处理视频：C:/Users/yangxinmin/Desktop/workspace/唱歌源视频/竖屏/02.mp4
2024-05-21 18:32:49,621 - tools.common_log - INFO - 视频提交完成：C:/Users/yangxinmin/Desktop/workspace/唱歌源视频/竖屏/02.mp4
2024-05-21 18:32:49,623 - tools.common_log - INFO - 开始处理视频：C:/Users/yangxinmin/Desktop/workspace/唱歌源视频/竖屏/03.mp4
2024-05-21 18:32:52,617 - tools.common_log - INFO - 视频提交完成：C:/Users/yangxinmin/Desktop/workspace/唱歌源视频/竖屏/03.mp4
2024-05-21 18:32:52,617 - tools.common_log - INFO - 开始合并视频：d01.mp4
2024-05-21 18:32:52,889 - tools.common_log - INFO - 视频合并完成：d01.mp4
2024-05-21 18:32:52,889 - tools.common_log - INFO - 开始合并视频：01.mp4
2024-05-21 18:32:53,194 - tools.common_log - INFO - 视频合并完成：01.mp4
2024-05-21 18:32:53,194 - tools.common_log - INFO - 开始合并视频：02.mp4
2024-05-21 18:32:53,450 - tools.common_log - INFO - 视频合并完成：02.mp4
2024-05-21 18:32:53,451 - tools.common_log - INFO - 开始合并视频：03.mp4
2024-05-21 18:32:53,729 - tools.common_log - INFO - 视频合并完成：03.mp4
2024-05-21 18:33:34,033 - tools.common_log - INFO - 开始处理视频：C:/Users/yangxinmin/Desktop/workspace/跳舞源视频/竖屏视频/d01.mp4
2024-05-21 18:33:37,642 - tools.common_log - INFO - 视频提交完成：C:/Users/yangxinmin/Desktop/workspace/跳舞源视频/竖屏视频/d01.mp4
2024-05-21 18:33:37,643 - tools.common_log - INFO - 开始处理视频：C:/Users/yangxinmin/Desktop/workspace/唱歌源视频/竖屏/01.mp4
2024-05-21 18:33:40,355 - tools.common_log - INFO - 视频提交完成：C:/Users/yangxinmin/Desktop/workspace/唱歌源视频/竖屏/01.mp4
2024-05-21 18:33:40,355 - tools.common_log - INFO - 开始处理视频：C:/Users/yangxinmin/Desktop/workspace/唱歌源视频/竖屏/02.mp4
2024-05-21 18:33:43,084 - tools.common_log - INFO - 视频提交完成：C:/Users/yangxinmin/Desktop/workspace/唱歌源视频/竖屏/02.mp4
2024-05-21 18:33:43,085 - tools.common_log - INFO - 开始处理视频：C:/Users/yangxinmin/Desktop/workspace/唱歌源视频/竖屏/03.mp4
2024-05-21 18:33:46,048 - tools.common_log - INFO - 视频提交完成：C:/Users/yangxinmin/Desktop/workspace/唱歌源视频/竖屏/03.mp4
2024-05-21 18:33:46,049 - tools.common_log - INFO - 开始合并视频：d01.mp4
2024-05-21 18:33:46,346 - tools.common_log - INFO - 视频合并完成：d01.mp4
2024-05-21 18:33:46,346 - tools.common_log - INFO - 开始合并视频：01.mp4
2024-05-21 18:33:46,634 - tools.common_log - INFO - 视频合并完成：01.mp4
2024-05-21 18:33:46,634 - tools.common_log - INFO - 开始合并视频：02.mp4
2024-05-21 18:33:46,930 - tools.common_log - INFO - 视频合并完成：02.mp4
2024-05-21 18:33:46,931 - tools.common_log - INFO - 开始合并视频：03.mp4
2024-05-21 18:33:47,211 - tools.common_log - INFO - 视频合并完成：03.mp4
2024-05-21 18:47:59,238 - tools.common_log - INFO - 开始处理视频：C:/Users/yangxinmin/Desktop/workspace/跳舞源视频/竖屏视频/d01.mp4
2024-05-21 18:48:02,187 - tools.common_log - INFO - 视频提交完成：C:/Users/yangxinmin/Desktop/workspace/跳舞源视频/竖屏视频/d01.mp4
2024-05-21 18:48:02,187 - tools.common_log - INFO - 开始处理视频：C:/Users/yangxinmin/Desktop/workspace/唱歌源视频/竖屏/01.mp4
2024-05-21 18:48:05,253 - tools.common_log - INFO - 视频提交完成：C:/Users/yangxinmin/Desktop/workspace/唱歌源视频/竖屏/01.mp4
2024-05-21 18:48:05,253 - tools.common_log - INFO - 开始处理视频：C:/Users/yangxinmin/Desktop/workspace/唱歌源视频/竖屏/02.mp4
2024-05-21 18:48:08,155 - tools.common_log - INFO - 视频提交完成：C:/Users/yangxinmin/Desktop/workspace/唱歌源视频/竖屏/02.mp4
2024-05-21 18:48:08,156 - tools.common_log - INFO - 开始处理视频：C:/Users/yangxinmin/Desktop/workspace/唱歌源视频/竖屏/03.mp4
2024-05-21 18:48:11,012 - tools.common_log - INFO - 视频提交完成：C:/Users/yangxinmin/Desktop/workspace/唱歌源视频/竖屏/03.mp4
2024-05-21 18:48:11,013 - tools.common_log - INFO - 开始合并视频：d01.mp4
2024-05-21 18:48:11,319 - tools.common_log - INFO - 视频合并完成：d01.mp4
2024-05-21 18:48:11,320 - tools.common_log - INFO - 开始合并视频：01.mp4
2024-05-21 18:48:11,647 - tools.common_log - INFO - 视频合并完成：01.mp4
2024-05-21 18:48:11,647 - tools.common_log - INFO - 开始合并视频：02.mp4
2024-05-21 18:48:11,935 - tools.common_log - INFO - 视频合并完成：02.mp4
2024-05-21 18:48:11,935 - tools.common_log - INFO - 开始合并视频：03.mp4
2024-05-21 18:48:12,292 - tools.common_log - INFO - 视频合并完成：03.mp4
2024-05-21 18:57:29,652 - tools.common_log - INFO - 开始处理视频：C:/Users/yangxinmin/Desktop/workspace/跳舞源视频/竖屏视频/d01.mp4
2024-05-21 18:57:32,516 - tools.common_log - INFO - 视频提交完成：C:/Users/yangxinmin/Desktop/workspace/跳舞源视频/竖屏视频/d01.mp4
2024-05-21 18:57:32,517 - tools.common_log - INFO - 开始处理视频：C:/Users/yangxinmin/Desktop/workspace/唱歌源视频/竖屏/01.mp4
2024-05-21 18:57:35,342 - tools.common_log - INFO - 视频提交完成：C:/Users/yangxinmin/Desktop/workspace/唱歌源视频/竖屏/01.mp4
2024-05-21 18:57:35,343 - tools.common_log - INFO - 开始处理视频：C:/Users/yangxinmin/Desktop/workspace/唱歌源视频/竖屏/02.mp4
2024-05-21 18:57:38,285 - tools.common_log - INFO - 视频提交完成：C:/Users/yangxinmin/Desktop/workspace/唱歌源视频/竖屏/02.mp4
2024-05-21 18:57:38,287 - tools.common_log - INFO - 开始处理视频：C:/Users/yangxinmin/Desktop/workspace/唱歌源视频/竖屏/03.mp4
2024-05-21 18:57:41,323 - tools.common_log - INFO - 视频提交完成：C:/Users/yangxinmin/Desktop/workspace/唱歌源视频/竖屏/03.mp4
2024-05-21 18:57:41,323 - tools.common_log - INFO - 开始合并视频：d01.mp4
2024-05-21 18:57:41,600 - tools.common_log - INFO - 视频合并完成：d01.mp4
2024-05-21 18:57:41,601 - tools.common_log - INFO - 开始合并视频：01.mp4
2024-05-21 18:57:41,918 - tools.common_log - INFO - 视频合并完成：01.mp4
2024-05-21 18:57:41,919 - tools.common_log - INFO - 开始合并视频：02.mp4
2024-05-21 18:57:42,296 - tools.common_log - INFO - 视频合并完成：02.mp4
2024-05-21 18:57:42,298 - tools.common_log - INFO - 开始合并视频：03.mp4
2024-05-21 18:57:42,608 - tools.common_log - INFO - 视频合并完成：03.mp4
